<?xml version="1.0" encoding="UTF-8"?>
<coverage generated="1492503989488" clover="3.2.0">
  <project timestamp="1492503989488" name="All files">
    <metrics statements="57" coveredstatements="53" conditionals="18" coveredconditionals="15" methods="16" coveredmethods="16" elements="91" coveredelements="84" complexity="0" loc="57" ncloc="57" packages="1" files="1" classes="1">
      <file name="shoppingcart.model.js" path="/Users/titoagudelo/Workspace/shopping/src/components/shoppingcart/shoppingcart.model.js">
        <metrics statements="57" coveredstatements="53" conditionals="18" coveredconditionals="15" methods="16" coveredmethods="16"/>
        <line num="1" count="1" type="stmt"/>
        <line num="2" count="1" type="stmt"/>
        <line num="3" count="1" type="stmt"/>
        <line num="5" count="1" type="cond" truecount="2" falsecount="0"/>
        <line num="7" count="1" type="stmt"/>
        <line num="8" count="29" type="stmt"/>
        <line num="9" count="31" type="stmt"/>
        <line num="19" count="29" type="stmt"/>
        <line num="20" count="20" type="cond" truecount="1" falsecount="1"/>
        <line num="21" count="20" type="stmt"/>
        <line num="23" count="0" type="stmt"/>
        <line num="27" count="29" type="stmt"/>
        <line num="28" count="45" type="stmt"/>
        <line num="29" count="45" type="stmt"/>
        <line num="30" count="45" type="cond" truecount="2" falsecount="0"/>
        <line num="32" count="45" type="stmt"/>
        <line num="33" count="71" type="stmt"/>
        <line num="35" count="45" type="stmt"/>
        <line num="36" count="45" type="stmt"/>
        <line num="37" count="45" type="stmt"/>
        <line num="38" count="45" type="stmt"/>
        <line num="41" count="29" type="stmt"/>
        <line num="42" count="15" type="cond" truecount="1" falsecount="1"/>
        <line num="43" count="15" type="cond" truecount="2" falsecount="0"/>
        <line num="44" count="15" type="stmt"/>
        <line num="45" count="15" type="cond" truecount="2" falsecount="0"/>
        <line num="46" count="5" type="stmt"/>
        <line num="48" count="10" type="stmt"/>
        <line num="50" count="15" type="stmt"/>
        <line num="51" count="15" type="stmt"/>
        <line num="54" count="29" type="stmt"/>
        <line num="55" count="7" type="stmt"/>
        <line num="56" count="7" type="cond" truecount="1" falsecount="1"/>
        <line num="57" count="7" type="stmt"/>
        <line num="59" count="0" type="stmt"/>
        <line num="60" count="0" type="stmt"/>
        <line num="61" count="0" type="stmt"/>
        <line num="63" count="7" type="stmt"/>
        <line num="66" count="29" type="stmt"/>
        <line num="67" count="6" type="stmt"/>
        <line num="68" count="7" type="stmt"/>
        <line num="69" count="13" type="stmt"/>
        <line num="72" count="6" type="cond" truecount="2" falsecount="0"/>
        <line num="73" count="1" type="stmt"/>
        <line num="74" count="1" type="stmt"/>
        <line num="76" count="5" type="stmt"/>
        <line num="79" count="29" type="stmt"/>
        <line num="81" count="29" type="stmt"/>
        <line num="82" count="29" type="cond" truecount="2" falsecount="0"/>
        <line num="83" count="18" type="stmt"/>
        <line num="84" count="18" type="stmt"/>
        <line num="85" count="18" type="stmt"/>
        <line num="92" count="15" type="stmt"/>
        <line num="96" count="7" type="stmt"/>
        <line num="100" count="6" type="stmt"/>
        <line num="104" count="1" type="stmt"/>
        <line num="105" count="1" type="stmt"/>
      </file>
    </metrics>
  </project>
</coverage>
