{"/Users/titoagudelo/Workspace/shopping/src/components/shoppingcart/shoppingcart.model.js": {"path":"/Users/titoagudelo/Workspace/shopping/src/components/shoppingcart/shoppingcart.model.js","statementMap":{"0":{"start":{"line":1,"column":0},"end":{"line":109,"column":5}},"1":{"start":{"line":2,"column":20},"end":{"line":2,"column":39}},"2":{"start":{"line":3,"column":27},"end":{"line":3,"column":31}},"3":{"start":{"line":5,"column":2},"end":{"line":5,"column":68}},"4":{"start":{"line":7,"column":2},"end":{"line":108,"column":4}},"5":{"start":{"line":8,"column":4},"end":{"line":17,"column":6}},"6":{"start":{"line":9,"column":6},"end":{"line":16,"column":8}},"7":{"start":{"line":19,"column":4},"end":{"line":25,"column":6}},"8":{"start":{"line":20,"column":6},"end":{"line":24,"column":7}},"9":{"start":{"line":21,"column":8},"end":{"line":21,"column":28}},"10":{"start":{"line":23,"column":8},"end":{"line":23,"column":33}},"11":{"start":{"line":27,"column":4},"end":{"line":39,"column":6}},"12":{"start":{"line":28,"column":22},"end":{"line":28,"column":23}},"13":{"start":{"line":29,"column":21},"end":{"line":29,"column":22}},"14":{"start":{"line":30,"column":20},"end":{"line":30,"column":63}},"15":{"start":{"line":32,"column":6},"end":{"line":34,"column":9}},"16":{"start":{"line":33,"column":8},"end":{"line":33,"column":63}},"17":{"start":{"line":35,"column":6},"end":{"line":35,"column":39}},"18":{"start":{"line":36,"column":6},"end":{"line":36,"column":68}},"19":{"start":{"line":37,"column":6},"end":{"line":37,"column":51}},"20":{"start":{"line":38,"column":6},"end":{"line":38,"column":18}},"21":{"start":{"line":41,"column":4},"end":{"line":52,"column":6}},"22":{"start":{"line":42,"column":6},"end":{"line":42,"column":56}},"23":{"start":{"line":43,"column":6},"end":{"line":43,"column":65}},"24":{"start":{"line":44,"column":18},"end":{"line":44,"column":56}},"25":{"start":{"line":45,"column":6},"end":{"line":49,"column":7}},"26":{"start":{"line":46,"column":8},"end":{"line":46,"column":105}},"27":{"start":{"line":48,"column":8},"end":{"line":48,"column":44}},"28":{"start":{"line":50,"column":6},"end":{"line":50,"column":51}},"29":{"start":{"line":51,"column":6},"end":{"line":51,"column":26}},"30":{"start":{"line":54,"column":4},"end":{"line":64,"column":6}},"31":{"start":{"line":55,"column":18},"end":{"line":55,"column":56}},"32":{"start":{"line":56,"column":6},"end":{"line":62,"column":7}},"33":{"start":{"line":57,"column":8},"end":{"line":57,"column":60}},"34":{"start":{"line":59,"column":8},"end":{"line":59,"column":39}},"35":{"start":{"line":60,"column":8},"end":{"line":60,"column":34}},"36":{"start":{"line":61,"column":8},"end":{"line":61,"column":43}},"37":{"start":{"line":63,"column":6},"end":{"line":63,"column":43}},"38":{"start":{"line":66,"column":4},"end":{"line":77,"column":6}},"39":{"start":{"line":67,"column":6},"end":{"line":71,"column":9}},"40":{"start":{"line":68,"column":8},"end":{"line":70,"column":11}},"41":{"start":{"line":69,"column":10},"end":{"line":69,"column":40}},"42":{"start":{"line":72,"column":6},"end":{"line":75,"column":7}},"43":{"start":{"line":73,"column":8},"end":{"line":73,"column":41}},"44":{"start":{"line":74,"column":8},"end":{"line":74,"column":28}},"45":{"start":{"line":76,"column":6},"end":{"line":76,"column":43}},"46":{"start":{"line":79,"column":4},"end":{"line":107,"column":6}},"47":{"start":{"line":81,"column":8},"end":{"line":81,"column":41}},"48":{"start":{"line":82,"column":8},"end":{"line":86,"column":9}},"49":{"start":{"line":83,"column":10},"end":{"line":83,"column":56}},"50":{"start":{"line":84,"column":10},"end":{"line":84,"column":60}},"51":{"start":{"line":85,"column":10},"end":{"line":85,"column":40}},"52":{"start":{"line":92,"column":8},"end":{"line":92,"column":50}},"53":{"start":{"line":96,"column":8},"end":{"line":96,"column":60}},"54":{"start":{"line":100,"column":8},"end":{"line":100,"column":49}},"55":{"start":{"line":104,"column":8},"end":{"line":104,"column":41}},"56":{"start":{"line":105,"column":8},"end":{"line":105,"column":28}}},"fnMap":{"0":{"name":"(anonymous_0)","decl":{"start":{"line":1,"column":1},"end":{"line":1,"column":2}},"loc":{"start":{"line":1,"column":12},"end":{"line":109,"column":1}},"line":1},"1":{"name":"(anonymous_1)","decl":{"start":{"line":7,"column":46},"end":{"line":7,"column":47}},"loc":{"start":{"line":7,"column":57},"end":{"line":108,"column":3}},"line":7},"2":{"name":"(anonymous_2)","decl":{"start":{"line":8,"column":22},"end":{"line":8,"column":23}},"loc":{"start":{"line":8,"column":33},"end":{"line":17,"column":5}},"line":8},"3":{"name":"(anonymous_3)","decl":{"start":{"line":19,"column":15},"end":{"line":19,"column":16}},"loc":{"start":{"line":19,"column":26},"end":{"line":25,"column":5}},"line":19},"4":{"name":"(anonymous_4)","decl":{"start":{"line":27,"column":22},"end":{"line":27,"column":23}},"loc":{"start":{"line":27,"column":37},"end":{"line":39,"column":5}},"line":27},"5":{"name":"(anonymous_5)","decl":{"start":{"line":32,"column":28},"end":{"line":32,"column":29}},"loc":{"start":{"line":32,"column":49},"end":{"line":34,"column":7}},"line":32},"6":{"name":"(anonymous_6)","decl":{"start":{"line":41,"column":18},"end":{"line":41,"column":19}},"loc":{"start":{"line":41,"column":36},"end":{"line":52,"column":5}},"line":41},"7":{"name":"(anonymous_7)","decl":{"start":{"line":54,"column":29},"end":{"line":54,"column":30}},"loc":{"start":{"line":54,"column":60},"end":{"line":64,"column":5}},"line":54},"8":{"name":"(anonymous_8)","decl":{"start":{"line":66,"column":22},"end":{"line":66,"column":23}},"loc":{"start":{"line":66,"column":49},"end":{"line":77,"column":5}},"line":66},"9":{"name":"(anonymous_9)","decl":{"start":{"line":67,"column":31},"end":{"line":67,"column":32}},"loc":{"start":{"line":67,"column":52},"end":{"line":71,"column":7}},"line":67},"10":{"name":"(anonymous_10)","decl":{"start":{"line":68,"column":61},"end":{"line":68,"column":62}},"loc":{"start":{"line":68,"column":74},"end":{"line":70,"column":9}},"line":68},"11":{"name":"(anonymous_11)","decl":{"start":{"line":80,"column":12},"end":{"line":80,"column":13}},"loc":{"start":{"line":80,"column":35},"end":{"line":87,"column":7}},"line":80},"12":{"name":"(anonymous_12)","decl":{"start":{"line":91,"column":19},"end":{"line":91,"column":20}},"loc":{"start":{"line":91,"column":51},"end":{"line":93,"column":7}},"line":91},"13":{"name":"(anonymous_13)","decl":{"start":{"line":95,"column":29},"end":{"line":95,"column":30}},"loc":{"start":{"line":95,"column":60},"end":{"line":97,"column":7}},"line":95},"14":{"name":"(anonymous_14)","decl":{"start":{"line":99,"column":22},"end":{"line":99,"column":23}},"loc":{"start":{"line":99,"column":49},"end":{"line":101,"column":7}},"line":99},"15":{"name":"(anonymous_15)","decl":{"start":{"line":103,"column":15},"end":{"line":103,"column":16}},"loc":{"start":{"line":103,"column":26},"end":{"line":106,"column":7}},"line":103}},"branchMap":{"0":{"loc":{"start":{"line":5,"column":33},"end":{"line":5,"column":67}},"type":"binary-expr","locations":[{"start":{"line":5,"column":33},"end":{"line":5,"column":61}},{"start":{"line":5,"column":65},"end":{"line":5,"column":67}}],"line":5},"1":{"loc":{"start":{"line":20,"column":6},"end":{"line":24,"column":7}},"type":"if","locations":[{"start":{"line":20,"column":6},"end":{"line":24,"column":7}},{"start":{"line":20,"column":6},"end":{"line":24,"column":7}}],"line":20},"2":{"loc":{"start":{"line":30,"column":20},"end":{"line":30,"column":63}},"type":"cond-expr","locations":[{"start":{"line":30,"column":41},"end":{"line":30,"column":59}},{"start":{"line":30,"column":62},"end":{"line":30,"column":63}}],"line":30},"3":{"loc":{"start":{"line":42,"column":22},"end":{"line":42,"column":55}},"type":"cond-expr","locations":[{"start":{"line":42,"column":38},"end":{"line":42,"column":51}},{"start":{"line":42,"column":54},"end":{"line":42,"column":55}}],"line":42},"4":{"loc":{"start":{"line":43,"column":25},"end":{"line":43,"column":64}},"type":"cond-expr","locations":[{"start":{"line":43,"column":44},"end":{"line":43,"column":60}},{"start":{"line":43,"column":63},"end":{"line":43,"column":64}}],"line":43},"5":{"loc":{"start":{"line":45,"column":6},"end":{"line":49,"column":7}},"type":"if","locations":[{"start":{"line":45,"column":6},"end":{"line":49,"column":7}},{"start":{"line":45,"column":6},"end":{"line":49,"column":7}}],"line":45},"6":{"loc":{"start":{"line":56,"column":6},"end":{"line":62,"column":7}},"type":"if","locations":[{"start":{"line":56,"column":6},"end":{"line":62,"column":7}},{"start":{"line":56,"column":6},"end":{"line":62,"column":7}}],"line":56},"7":{"loc":{"start":{"line":72,"column":6},"end":{"line":75,"column":7}},"type":"if","locations":[{"start":{"line":72,"column":6},"end":{"line":75,"column":7}},{"start":{"line":72,"column":6},"end":{"line":75,"column":7}}],"line":72},"8":{"loc":{"start":{"line":82,"column":8},"end":{"line":86,"column":9}},"type":"if","locations":[{"start":{"line":82,"column":8},"end":{"line":86,"column":9}},{"start":{"line":82,"column":8},"end":{"line":86,"column":9}}],"line":82}},"s":{"0":1,"1":1,"2":1,"3":1,"4":1,"5":29,"6":31,"7":29,"8":20,"9":20,"10":0,"11":29,"12":45,"13":45,"14":45,"15":45,"16":71,"17":45,"18":45,"19":45,"20":45,"21":29,"22":15,"23":15,"24":15,"25":15,"26":5,"27":10,"28":15,"29":15,"30":29,"31":7,"32":7,"33":7,"34":0,"35":0,"36":0,"37":7,"38":29,"39":6,"40":7,"41":13,"42":6,"43":1,"44":1,"45":5,"46":29,"47":29,"48":29,"49":18,"50":18,"51":18,"52":15,"53":7,"54":6,"55":1,"56":1},"f":{"0":1,"1":29,"2":31,"3":20,"4":45,"5":71,"6":15,"7":7,"8":6,"9":7,"10":13,"11":29,"12":15,"13":7,"14":6,"15":1},"b":{"0":[1,1],"1":[20,0],"2":[30,15],"3":[15,0],"4":[13,2],"5":[5,10],"6":[7,0],"7":[1,5],"8":[18,11]},"_coverageSchema":"332fd63041d2c1bcb487cc26dd0d5f7d97098a6c","hash":"13bb28862ba4acd056b80036d467dd586097eb4b"}
}
