TN:
SF:/Users/titoagudelo/Workspace/shopping/src/components/shoppingcart/shoppingcart.model.js
FN:1,(anonymous_0)
FN:7,(anonymous_1)
FN:8,(anonymous_2)
FN:19,(anonymous_3)
FN:27,(anonymous_4)
FN:32,(anonymous_5)
FN:41,(anonymous_6)
FN:54,(anonymous_7)
FN:66,(anonymous_8)
FN:67,(anonymous_9)
FN:68,(anonymous_10)
FN:80,(anonymous_11)
FN:91,(anonymous_12)
FN:95,(anonymous_13)
FN:99,(anonymous_14)
FN:103,(anonymous_15)
FNF:16
FNH:16
FNDA:1,(anonymous_0)
FNDA:29,(anonymous_1)
FNDA:31,(anonymous_2)
FNDA:20,(anonymous_3)
FNDA:45,(anonymous_4)
FNDA:71,(anonymous_5)
FNDA:15,(anonymous_6)
FNDA:7,(anonymous_7)
FNDA:6,(anonymous_8)
FNDA:7,(anonymous_9)
FNDA:13,(anonymous_10)
FNDA:29,(anonymous_11)
FNDA:15,(anonymous_12)
FNDA:7,(anonymous_13)
FNDA:6,(anonymous_14)
FNDA:1,(anonymous_15)
DA:1,1
DA:2,1
DA:3,1
DA:5,1
DA:7,1
DA:8,29
DA:9,31
DA:19,29
DA:20,20
DA:21,20
DA:23,0
DA:27,29
DA:28,45
DA:29,45
DA:30,45
DA:32,45
DA:33,71
DA:35,45
DA:36,45
DA:37,45
DA:38,45
DA:41,29
DA:42,15
DA:43,15
DA:44,15
DA:45,15
DA:46,5
DA:48,10
DA:50,15
DA:51,15
DA:54,29
DA:55,7
DA:56,7
DA:57,7
DA:59,0
DA:60,0
DA:61,0
DA:63,7
DA:66,29
DA:67,6
DA:68,7
DA:69,13
DA:72,6
DA:73,1
DA:74,1
DA:76,5
DA:79,29
DA:81,29
DA:82,29
DA:83,18
DA:84,18
DA:85,18
DA:92,15
DA:96,7
DA:100,6
DA:104,1
DA:105,1
LF:57
LH:53
BRDA:5,0,0,1
BRDA:5,0,1,1
BRDA:20,1,0,20
BRDA:20,1,1,0
BRDA:30,2,0,30
BRDA:30,2,1,15
BRDA:42,3,0,15
BRDA:42,3,1,0
BRDA:43,4,0,13
BRDA:43,4,1,2
BRDA:45,5,0,5
BRDA:45,5,1,10
BRDA:56,6,0,7
BRDA:56,6,1,0
BRDA:72,7,0,1
BRDA:72,7,1,5
BRDA:82,8,0,18
BRDA:82,8,1,11
BRF:18
BRH:15
end_of_record
